<?xml version="1.0" encoding="UTF-8"?>
<testng-results skipped="0" failed="1" ignored="0" total="10" passed="9">
  <reporter-output>
  </reporter-output>
  <suite name="Default suite" duration-ms="91553" started-at="2023-03-21T13:53:11Z" finished-at="2023-03-21T13:54:42Z">
    <groups>
    </groups>
    <test name="Default test" duration-ms="91553" started-at="2023-03-21T13:53:11Z" finished-at="2023-03-21T13:54:42Z">
      <class name="Assessment.Planit.Base">
        <test-method status="PASS" signature="setUp()[pri:0, instance:Assessment.Planit.Base@64bfbc86]" name="setUp" is-config="true" duration-ms="40455" started-at="2023-03-21T19:22:30Z" finished-at="2023-03-21T19:23:11Z">
          <reporter-output>
          </reporter-output>
        </test-method> <!-- setUp -->
        <test-method status="PASS" signature="title()[pri:0, instance:Assessment.Planit.Base@64bfbc86]" name="title" duration-ms="34" started-at="2023-03-21T19:23:11Z" finished-at="2023-03-21T19:23:11Z">
          <reporter-output>
          </reporter-output>
        </test-method> <!-- title -->
        <test-method status="PASS" signature="login()[pri:1, instance:Assessment.Planit.Base@64bfbc86]" name="login" duration-ms="13288" started-at="2023-03-21T19:23:11Z" finished-at="2023-03-21T19:23:24Z">
          <reporter-output>
          </reporter-output>
        </test-method> <!-- login -->
        <test-method status="PASS" signature="validUsername()[pri:2, instance:Assessment.Planit.Base@64bfbc86]" name="validUsername" duration-ms="102" started-at="2023-03-21T19:23:24Z" finished-at="2023-03-21T19:23:24Z">
          <reporter-output>
          </reporter-output>
        </test-method> <!-- validUsername -->
        <test-method status="FAIL" signature="shoppingCart()[pri:3, instance:Assessment.Planit.Base@64bfbc86]" name="shoppingCart" duration-ms="31263" started-at="2023-03-21T19:23:24Z" finished-at="2023-03-21T19:23:55Z">
          <exception class="org.openqa.selenium.NoSuchElementException">
            <message>
              <![CDATA[no such element: Unable to locate element: {"method":"css selector","selector":"*[name='removefromcart']"}
  (Session info: chrome=109.0.5414.74)
For documentation on this error, please visit: https://selenium.dev/exceptions/#no_such_element
Build info: version: '4.8.1', revision: '8ebccac989'
System info: os.name: 'Windows 10', os.arch: 'amd64', os.version: '10.0', java.version: '1.8.0_131'
Driver info: org.openqa.selenium.chrome.ChromeDriver
Command: [f664aacf2b3255e6156a68c49074eb42, findElement {using=name, value=removefromcart}]
Capabilities {acceptInsecureCerts: false, browserName: chrome, browserVersion: 109.0.5414.74, chrome: {chromedriverVersion: 109.0.5414.74 (e7c5703604da..., userDataDir: C:\Users\saran\AppData\Loca...}, goog:chromeOptions: {debuggerAddress: localhost:54709}, networkConnectionEnabled: false, pageLoadStrategy: normal, platformName: WINDOWS, proxy: Proxy(), se:cdp: ws://localhost:54709/devtoo..., se:cdpVersion: 109.0.5414.74, setWindowRect: true, strictFileInteractability: false, timeouts: {implicit: 0, pageLoad: 300000, script: 30000}, unhandledPromptBehavior: dismiss and notify, webauthn:extension:credBlob: true, webauthn:extension:largeBlob: true, webauthn:virtualAuthenticators: true}
Session ID: f664aacf2b3255e6156a68c49074eb42]]>
            </message>
            <full-stacktrace>
              <![CDATA[org.openqa.selenium.NoSuchElementException: no such element: Unable to locate element: {"method":"css selector","selector":"*[name='removefromcart']"}
  (Session info: chrome=109.0.5414.74)
For documentation on this error, please visit: https://selenium.dev/exceptions/#no_such_element
Build info: version: '4.8.1', revision: '8ebccac989'
System info: os.name: 'Windows 10', os.arch: 'amd64', os.version: '10.0', java.version: '1.8.0_131'
Driver info: org.openqa.selenium.chrome.ChromeDriver
Command: [f664aacf2b3255e6156a68c49074eb42, findElement {using=name, value=removefromcart}]
Capabilities {acceptInsecureCerts: false, browserName: chrome, browserVersion: 109.0.5414.74, chrome: {chromedriverVersion: 109.0.5414.74 (e7c5703604da..., userDataDir: C:\Users\saran\AppData\Loca...}, goog:chromeOptions: {debuggerAddress: localhost:54709}, networkConnectionEnabled: false, pageLoadStrategy: normal, platformName: WINDOWS, proxy: Proxy(), se:cdp: ws://localhost:54709/devtoo..., se:cdpVersion: 109.0.5414.74, setWindowRect: true, strictFileInteractability: false, timeouts: {implicit: 0, pageLoad: 300000, script: 30000}, unhandledPromptBehavior: dismiss and notify, webauthn:extension:credBlob: true, webauthn:extension:largeBlob: true, webauthn:virtualAuthenticators: true}
Session ID: f664aacf2b3255e6156a68c49074eb42
	at sun.reflect.NativeConstructorAccessorImpl.newInstance0(Native Method)
	at sun.reflect.NativeConstructorAccessorImpl.newInstance(Unknown Source)
	at sun.reflect.DelegatingConstructorAccessorImpl.newInstance(Unknown Source)
	at java.lang.reflect.Constructor.newInstance(Unknown Source)
	at org.openqa.selenium.remote.codec.w3c.W3CHttpResponseCodec.createException(W3CHttpResponseCodec.java:200)
	at org.openqa.selenium.remote.codec.w3c.W3CHttpResponseCodec.decode(W3CHttpResponseCodec.java:133)
	at org.openqa.selenium.remote.codec.w3c.W3CHttpResponseCodec.decode(W3CHttpResponseCodec.java:53)
	at org.openqa.selenium.remote.HttpCommandExecutor.execute(HttpCommandExecutor.java:184)
	at org.openqa.selenium.remote.service.DriverCommandExecutor.invokeExecute(DriverCommandExecutor.java:167)
	at org.openqa.selenium.remote.service.DriverCommandExecutor.execute(DriverCommandExecutor.java:142)
	at org.openqa.selenium.remote.RemoteWebDriver.execute(RemoteWebDriver.java:543)
	at org.openqa.selenium.remote.ElementLocation$ElementFinder$2.findElement(ElementLocation.java:162)
	at org.openqa.selenium.remote.ElementLocation.findElement(ElementLocation.java:66)
	at org.openqa.selenium.remote.RemoteWebDriver.findElement(RemoteWebDriver.java:352)
	at org.openqa.selenium.remote.RemoteWebDriver.findElement(RemoteWebDriver.java:344)
	at Assessment.Planit.Base.shoppingCart(Base.java:51)
	at sun.reflect.NativeMethodAccessorImpl.invoke0(Native Method)
	at sun.reflect.NativeMethodAccessorImpl.invoke(Unknown Source)
	at sun.reflect.DelegatingMethodAccessorImpl.invoke(Unknown Source)
	at java.lang.reflect.Method.invoke(Unknown Source)
	at org.testng.internal.MethodInvocationHelper.invokeMethod(MethodInvocationHelper.java:108)
	at org.testng.internal.Invoker.invokeMethod(Invoker.java:661)
	at org.testng.internal.Invoker.invokeTestMethod(Invoker.java:869)
	at org.testng.internal.Invoker.invokeTestMethods(Invoker.java:1193)
	at org.testng.internal.TestMethodWorker.invokeTestMethods(TestMethodWorker.java:126)
	at org.testng.internal.TestMethodWorker.run(TestMethodWorker.java:109)
	at org.testng.TestRunner.privateRun(TestRunner.java:744)
	at org.testng.TestRunner.run(TestRunner.java:602)
	at org.testng.SuiteRunner.runTest(SuiteRunner.java:380)
	at org.testng.SuiteRunner.runSequentially(SuiteRunner.java:375)
	at org.testng.SuiteRunner.privateRun(SuiteRunner.java:340)
	at org.testng.SuiteRunner.run(SuiteRunner.java:289)
	at org.testng.SuiteRunnerWorker.runSuite(SuiteRunnerWorker.java:52)
	at org.testng.SuiteRunnerWorker.run(SuiteRunnerWorker.java:86)
	at org.testng.TestNG.runSuitesSequentially(TestNG.java:1301)
	at org.testng.TestNG.runSuitesLocally(TestNG.java:1226)
	at org.testng.TestNG.runSuites(TestNG.java:1144)
	at org.testng.TestNG.run(TestNG.java:1115)
	at org.testng.remote.AbstractRemoteTestNG.run(AbstractRemoteTestNG.java:132)
	at org.testng.remote.RemoteTestNG.initAndRun(RemoteTestNG.java:230)
	at org.testng.remote.RemoteTestNG.main(RemoteTestNG.java:76)
]]>
            </full-stacktrace>
          </exception> <!-- org.openqa.selenium.NoSuchElementException -->
          <reporter-output>
          </reporter-output>
        </test-method> <!-- shoppingCart -->
        <test-method status="PASS" signature="desktopAction()[pri:4, instance:Assessment.Planit.Base@64bfbc86]" name="desktopAction" duration-ms="4310" started-at="2023-03-21T19:23:56Z" finished-at="2023-03-21T19:24:00Z">
          <reporter-output>
          </reporter-output>
        </test-method> <!-- desktopAction -->
        <test-method status="PASS" signature="selectComputer()[pri:5, instance:Assessment.Planit.Base@64bfbc86]" name="selectComputer" duration-ms="18918" started-at="2023-03-21T19:24:00Z" finished-at="2023-03-21T19:24:19Z">
          <reporter-output>
          </reporter-output>
        </test-method> <!-- selectComputer -->
        <test-method status="PASS" signature="cart()[pri:6, instance:Assessment.Planit.Base@64bfbc86]" name="cart" duration-ms="11309" started-at="2023-03-21T19:24:19Z" finished-at="2023-03-21T19:24:30Z">
          <reporter-output>
          </reporter-output>
        </test-method> <!-- cart -->
        <test-method status="PASS" signature="billingAddress()[pri:7, instance:Assessment.Planit.Base@64bfbc86]" name="billingAddress" duration-ms="2166" started-at="2023-03-21T19:24:30Z" finished-at="2023-03-21T19:24:32Z">
          <reporter-output>
          </reporter-output>
        </test-method> <!-- billingAddress -->
        <test-method status="PASS" signature="shippingAddress()[pri:8, instance:Assessment.Planit.Base@64bfbc86]" name="shippingAddress" duration-ms="3308" started-at="2023-03-21T19:24:32Z" finished-at="2023-03-21T19:24:36Z">
          <reporter-output>
          </reporter-output>
        </test-method> <!-- shippingAddress -->
        <test-method status="PASS" signature="confirm()[pri:9, instance:Assessment.Planit.Base@64bfbc86]" name="confirm" duration-ms="6586" started-at="2023-03-21T19:24:36Z" finished-at="2023-03-21T19:24:42Z">
          <reporter-output>
          </reporter-output>
        </test-method> <!-- confirm -->
        <test-method status="PASS" signature="tearDown()[pri:0, instance:Assessment.Planit.Base@64bfbc86]" name="tearDown" is-config="true" duration-ms="13218" started-at="2023-03-21T19:24:45Z" finished-at="2023-03-21T19:24:58Z">
          <reporter-output>
          </reporter-output>
        </test-method> <!-- tearDown -->
      </class> <!-- Assessment.Planit.Base -->
    </test> <!-- Default test -->
  </suite> <!-- Default suite -->
</testng-results>
