<?xml version="1.0" encoding="UTF-8"?>
<testng-results skipped="0" failed="0" ignored="0" total="14" passed="14">
  <reporter-output>
  </reporter-output>
  <suite name="Default suite" duration-ms="70373" started-at="2023-03-27T04:30:55Z" finished-at="2023-03-27T04:32:05Z">
    <groups>
    </groups>
    <test name="Default test" duration-ms="70373" started-at="2023-03-27T04:30:55Z" finished-at="2023-03-27T04:32:05Z">
      <class name="Assessment.Planit.HomePageTest">
        <test-method status="PASS" signature="setUp()[pri:0, instance:Assessment.Planit.HomePageTest@55d56113]" name="setUp" is-config="true" duration-ms="32391" started-at="2023-03-27T10:00:22Z" finished-at="2023-03-27T10:00:55Z">
          <reporter-output>
          </reporter-output>
        </test-method> <!-- setUp -->
        <test-method status="PASS" signature="homePageTitleTest()[pri:0, instance:Assessment.Planit.HomePageTest@55d56113]" name="homePageTitleTest" duration-ms="141" started-at="2023-03-27T10:00:55Z" finished-at="2023-03-27T10:00:55Z">
          <reporter-output>
          </reporter-output>
        </test-method> <!-- homePageTitleTest -->
        <test-method status="PASS" signature="loginBtn()[pri:1, instance:Assessment.Planit.HomePageTest@55d56113]" name="loginBtn" duration-ms="4427" started-at="2023-03-27T10:00:55Z" finished-at="2023-03-27T10:00:59Z">
          <reporter-output>
          </reporter-output>
        </test-method> <!-- loginBtn -->
        <test-method status="PASS" signature="loginPageTitle()[pri:2, instance:Assessment.Planit.HomePageTest@55d56113]" name="loginPageTitle" duration-ms="33" started-at="2023-03-27T10:00:59Z" finished-at="2023-03-27T10:00:59Z">
          <reporter-output>
          </reporter-output>
        </test-method> <!-- loginPageTitle -->
        <test-method status="PASS" signature="enterCredentials()[pri:3, instance:Assessment.Planit.HomePageTest@55d56113]" name="enterCredentials" duration-ms="3335" started-at="2023-03-27T10:00:59Z" finished-at="2023-03-27T10:01:03Z">
          <reporter-output>
          </reporter-output>
        </test-method> <!-- enterCredentials -->
        <test-method status="PASS" signature="verifyUser()[pri:4, instance:Assessment.Planit.HomePageTest@55d56113]" name="verifyUser" duration-ms="2582" started-at="2023-03-27T10:01:03Z" finished-at="2023-03-27T10:01:05Z">
          <reporter-output>
          </reporter-output>
        </test-method> <!-- verifyUser -->
        <test-method status="PASS" signature="removeCart()[pri:5, instance:Assessment.Planit.HomePageTest@55d56113]" name="removeCart" duration-ms="4420" started-at="2023-03-27T10:01:05Z" finished-at="2023-03-27T10:01:10Z">
          <reporter-output>
          </reporter-output>
        </test-method> <!-- removeCart -->
        <test-method status="PASS" signature="computer()[pri:6, instance:Assessment.Planit.HomePageTest@55d56113]" name="computer" duration-ms="1271" started-at="2023-03-27T10:01:10Z" finished-at="2023-03-27T10:01:11Z">
          <reporter-output>
          </reporter-output>
        </test-method> <!-- computer -->
        <test-method status="PASS" signature="selectComputer()[pri:7, instance:Assessment.Planit.HomePageTest@55d56113]" name="selectComputer" duration-ms="2418" started-at="2023-03-27T10:01:11Z" finished-at="2023-03-27T10:01:13Z">
          <reporter-output>
          </reporter-output>
        </test-method> <!-- selectComputer -->
        <test-method status="PASS" signature="product()[pri:8, instance:Assessment.Planit.HomePageTest@55d56113]" name="product" duration-ms="5731" started-at="2023-03-27T10:01:13Z" finished-at="2023-03-27T10:01:19Z">
          <reporter-output>
          </reporter-output>
        </test-method> <!-- product -->
        <test-method status="PASS" signature="selectCart()[pri:9, instance:Assessment.Planit.HomePageTest@55d56113]" name="selectCart" duration-ms="824" started-at="2023-03-27T10:01:19Z" finished-at="2023-03-27T10:01:20Z">
          <reporter-output>
          </reporter-output>
        </test-method> <!-- selectCart -->
        <test-method status="PASS" signature="continueCart()[pri:10, instance:Assessment.Planit.HomePageTest@55d56113]" name="continueCart" duration-ms="1921" started-at="2023-03-27T10:01:20Z" finished-at="2023-03-27T10:01:22Z">
          <reporter-output>
          </reporter-output>
        </test-method> <!-- continueCart -->
        <test-method status="PASS" signature="billing()[pri:11, instance:Assessment.Planit.HomePageTest@55d56113]" name="billing" duration-ms="1444" started-at="2023-03-27T10:01:22Z" finished-at="2023-03-27T10:01:23Z">
          <reporter-output>
          </reporter-output>
        </test-method> <!-- billing -->
        <test-method status="PASS" signature="shipping()[pri:12, instance:Assessment.Planit.HomePageTest@55d56113]" name="shipping" duration-ms="6139" started-at="2023-03-27T10:01:23Z" finished-at="2023-03-27T10:01:29Z">
          <reporter-output>
          </reporter-output>
        </test-method> <!-- shipping -->
        <test-method status="PASS" signature="confirm()[pri:13, instance:Assessment.Planit.HomePageTest@55d56113]" name="confirm" duration-ms="35586" started-at="2023-03-27T10:01:29Z" finished-at="2023-03-27T10:02:05Z">
          <reporter-output>
          </reporter-output>
        </test-method> <!-- confirm -->
        <test-method status="PASS" signature="tearDown()[pri:0, instance:Assessment.Planit.HomePageTest@55d56113]" name="tearDown" is-config="true" duration-ms="1088" started-at="2023-03-27T10:02:08Z" finished-at="2023-03-27T10:02:09Z">
          <reporter-output>
          </reporter-output>
        </test-method> <!-- tearDown -->
      </class> <!-- Assessment.Planit.HomePageTest -->
    </test> <!-- Default test -->
  </suite> <!-- Default suite -->
</testng-results>
